<?xml version="1.0" encoding="UTF-8"?>
<!-- Generated by org.testng.reporters.JUnitReportReporter -->
<testsuite skipped="0" hostname="Deepti-PC" name="com.automationpractice.qa.testcases.TestPageTest" tests="1" failures="0" timestamp="21 Jan 2021 13:56:57 GMT" time="32.820" errors="0">
  <testcase name="successTest" time="32.820" classname="com.automationpractice.qa.testcases.TestPageTest"/>
</testsuite> <!-- com.automationpractice.qa.testcases.TestPageTest -->
