<?xml version="1.0" encoding="UTF-8"?>
<!-- Generated by org.testng.reporters.JUnitReportReporter -->
<testsuite skipped="0" hostname="Deepti-PC" name="com.automationpractice.qa.testcases.TestPageTest" tests="1" failures="0" timestamp="01 Feb 2021 11:29:33 GMT" time="36.698" errors="0">
  <testcase name="successTest" time="36.698" classname="com.automationpractice.qa.testcases.TestPageTest"/>
</testsuite> <!-- com.automationpractice.qa.testcases.TestPageTest -->
