<?xml version="1.0" encoding="UTF-8"?>
<!-- Generated by org.testng.reporters.JUnitReportReporter -->
<testsuite skipped="0" hostname="Deepti-PC" name="com.automationpractice.qa.testcases.TestPageTest" tests="1" failures="0" timestamp="01 Feb 2021 10:32:20 GMT" time="29.642" errors="0">
  <testcase name="successTest" time="29.642" classname="com.automationpractice.qa.testcases.TestPageTest"/>
</testsuite> <!-- com.automationpractice.qa.testcases.TestPageTest -->
