<?xml version="1.0" encoding="UTF-8"?>
<!-- Generated by org.testng.reporters.JUnitReportReporter -->
<testsuite skipped="0" hostname="Deepti-PC" name="com.automationpractice.qa.testcases.ShoppingWorkFlowTest" tests="6" failures="0" timestamp="02 Feb 2021 10:57:37 GMT" time="546.553" errors="0">
  <testcase name="clothsCategoryTypesDispalyTest" time="45.018" classname="com.automationpractice.qa.testcases.ShoppingWorkFlowTest"/>
  <testcase name="selectSingleClothTest" time="66.905" classname="com.automationpractice.qa.testcases.ShoppingWorkFlowTest"/>
  <testcase name="selectMultiplesClothTest" time="103.486" classname="com.automationpractice.qa.testcases.ShoppingWorkFlowTest"/>
  <testcase name="checkCartProductQuantityAndTotalTest" time="139.227" classname="com.automationpractice.qa.testcases.ShoppingWorkFlowTest"/>
  <testcase name="PlaceOrderTest" time="118.121" classname="com.automationpractice.qa.testcases.ShoppingWorkFlowTest"/>
  <testcase name="deleteProductFromCart" time="73.796" classname="com.automationpractice.qa.testcases.ShoppingWorkFlowTest"/>
</testsuite> <!-- com.automationpractice.qa.testcases.ShoppingWorkFlowTest -->
