<?xml version="1.0" encoding="UTF-8"?>
<!-- Generated by org.testng.reporters.JUnitReportReporter -->
<testsuite skipped="0" hostname="Deepti-PC" name="com.automationpractice.qa.testcases.ShoppingWorkFlowTest" tests="5" failures="0" timestamp="01 Feb 2021 10:32:20 GMT" time="342.490" errors="0">
  <testcase name="clothsCategoryTypesDispalyTest" time="31.502" classname="com.automationpractice.qa.testcases.ShoppingWorkFlowTest"/>
  <testcase name="selectSingleClothTest" time="61.036" classname="com.automationpractice.qa.testcases.ShoppingWorkFlowTest"/>
  <testcase name="selectMultiplesClothTest" time="81.322" classname="com.automationpractice.qa.testcases.ShoppingWorkFlowTest"/>
  <testcase name="checkCartProductQuantityAndTotalTest" time="77.202" classname="com.automationpractice.qa.testcases.ShoppingWorkFlowTest"/>
  <testcase name="PlaceOrderTest" time="91.428" classname="com.automationpractice.qa.testcases.ShoppingWorkFlowTest"/>
</testsuite> <!-- com.automationpractice.qa.testcases.ShoppingWorkFlowTest -->
