<?xml version="1.0" encoding="UTF-8"?>
<!-- Generated by org.testng.reporters.JUnitReportReporter -->
<testsuite skipped="0" hostname="Deepti-PC" name="com.automationpractice.qa.testcases.HomePageTest" tests="1" failures="0" timestamp="21 Jan 2021 12:48:31 GMT" time="48.592" errors="0">
  <testcase name="homePageElementDispalyTest" time="48.592" classname="com.automationpractice.qa.testcases.HomePageTest"/>
</testsuite> <!-- com.automationpractice.qa.testcases.HomePageTest -->
