<?xml version="1.0" encoding="UTF-8"?>
<!-- Generated by org.testng.reporters.JUnitReportReporter -->
<testsuite skipped="0" hostname="Deepti-PC" name="com.automationpractice.qa.testcases.TestPageTest" tests="1" failures="0" timestamp="13 Jan 2021 07:48:37 GMT" time="18.192" errors="0">
  <testcase name="propFileTest" time="18.192" classname="com.automationpractice.qa.testcases.TestPageTest"/>
</testsuite> <!-- com.automationpractice.qa.testcases.TestPageTest -->
