<?xml version="1.0" encoding="UTF-8"?>
<!-- Generated by org.testng.reporters.JUnitReportReporter -->
<testsuite skipped="0" hostname="Deepti-PC" name="com.automationpractice.qa.testcases.CreateAccountPageTest" tests="5" failures="0" timestamp="20 Jan 2021 14:10:44 GMT" time="129.329" errors="0">
  <testcase name="createAccountTest" time="28.111" classname="com.automationpractice.qa.testcases.CreateAccountPageTest"/>
  <testcase name="createAccountTest" time="27.095" classname="com.automationpractice.qa.testcases.CreateAccountPageTest"/>
  <testcase name="invalidEmailErrorMsgTest" time="19.411" classname="com.automationpractice.qa.testcases.CreateAccountPageTest"/>
  <testcase name="verifyErrorMsgForMandatoryFields" time="22.392" classname="com.automationpractice.qa.testcases.CreateAccountPageTest"/>
  <testcase name="verifyErrorMsgForMandatoryFields" time="32.320" classname="com.automationpractice.qa.testcases.CreateAccountPageTest"/>
</testsuite> <!-- com.automationpractice.qa.testcases.CreateAccountPageTest -->
