<?xml version="1.0" encoding="UTF-8"?>
<!-- Generated by org.testng.reporters.JUnitReportReporter -->
<testsuite skipped="0" hostname="Deepti-PC" name="com.automationpractice.qa.testcases.LoginFormTest" tests="1" failures="0" timestamp="21 Jan 2021 10:47:05 GMT" time="40.024" errors="0">
  <testcase name="invalidCredentialsTest" time="40.024" classname="com.automationpractice.qa.testcases.LoginFormTest"/>
</testsuite> <!-- com.automationpractice.qa.testcases.LoginFormTest -->
