<?xml version="1.0" encoding="UTF-8"?>
<!-- Generated by org.testng.reporters.JUnitReportReporter -->
<testsuite skipped="0" hostname="Deepti-PC" name="com.automationpractice.qa.testcases.SearchFunctionalityTest" tests="2" failures="0" timestamp="04 Feb 2021 09:11:55 GMT" time="91.451" errors="0">
  <testcase name="searchFunctionalityItemFoundTest" time="33.574" classname="com.automationpractice.qa.testcases.SearchFunctionalityTest"/>
  <testcase name="searchFunctionalityItemNotFoundTest" time="57.877" classname="com.automationpractice.qa.testcases.SearchFunctionalityTest"/>
</testsuite> <!-- com.automationpractice.qa.testcases.SearchFunctionalityTest -->
