<?xml version="1.0" encoding="UTF-8"?>
<!-- Generated by org.testng.reporters.JUnitReportReporter -->
<testsuite skipped="0" hostname="Deepti-PC" name="com.automationpractice.qa.testcases.CreateAccountPageTest" tests="5" failures="0" timestamp="01 Feb 2021 11:29:33 GMT" time="182.976" errors="0">
  <testcase name="createAccountTest" time="42.678" classname="com.automationpractice.qa.testcases.CreateAccountPageTest"/>
  <testcase name="createAccountTest" time="39.275" classname="com.automationpractice.qa.testcases.CreateAccountPageTest"/>
  <testcase name="invalidEmailErrorMsgTest" time="29.684" classname="com.automationpractice.qa.testcases.CreateAccountPageTest"/>
  <testcase name="verifyErrorMsgForMandatoryFields" time="29.639" classname="com.automationpractice.qa.testcases.CreateAccountPageTest"/>
  <testcase name="verifyErrorMsgForMandatoryFields" time="41.700" classname="com.automationpractice.qa.testcases.CreateAccountPageTest"/>
</testsuite> <!-- com.automationpractice.qa.testcases.CreateAccountPageTest -->
