<?xml version="1.0" encoding="UTF-8"?>
<!-- Generated by org.testng.reporters.JUnitReportReporter -->
<testsuite skipped="0" hostname="Deepti-PC" name="com.automationpractice.qa.testcases.WishListFunctionalityTest" tests="1" failures="0" timestamp="08 Feb 2021 11:48:21 GMT" time="81.096" errors="0">
  <testcase name="wishListTest" time="81.096" classname="com.automationpractice.qa.testcases.WishListFunctionalityTest"/>
</testsuite> <!-- com.automationpractice.qa.testcases.WishListFunctionalityTest -->
