<?xml version="1.0" encoding="UTF-8"?>
<!-- Generated by org.testng.reporters.JUnitReportReporter -->
<testsuite skipped="0" hostname="Deepti-PC" name="com.automationpractice.qa.testcases.CreateAccountPageTest" tests="5" failures="0" timestamp="01 Feb 2021 10:32:20 GMT" time="141.202" errors="0">
  <testcase name="createAccountTest" time="31.441" classname="com.automationpractice.qa.testcases.CreateAccountPageTest"/>
  <testcase name="createAccountTest" time="31.321" classname="com.automationpractice.qa.testcases.CreateAccountPageTest"/>
  <testcase name="invalidEmailErrorMsgTest" time="23.524" classname="com.automationpractice.qa.testcases.CreateAccountPageTest"/>
  <testcase name="verifyErrorMsgForMandatoryFields" time="27.058" classname="com.automationpractice.qa.testcases.CreateAccountPageTest"/>
  <testcase name="verifyErrorMsgForMandatoryFields" time="27.858" classname="com.automationpractice.qa.testcases.CreateAccountPageTest"/>
</testsuite> <!-- com.automationpractice.qa.testcases.CreateAccountPageTest -->
